Using pre-set license
Built from '2022.1/staging' branch; Version is '2022.1.23f1 (9636b062134a) revision 9844400'; Using compiler version '192829333'; Build Type 'Release'
OS: 'Windows 11  (10.0.22631) 64bit CoreSingleLanguage' Language: 'en' Physical Memory: 24279 MB
BatchMode: 1, IsHumanControllingUs: 0, StartBugReporterOnCrash: 0, Is64bit: 1, IsPro: 1

COMMAND LINE ARGUMENTS:
C:\Program Files\Unity\Hub\Editor\2022.1.23f1\Editor\Unity.exe
-adb2
-batchMode
-noUpm
-name
AssetImportWorker1
-projectPath
C:/Users/Andrei/Documents/GitHub/CAPSTONE-DEMO/Demo
-logFile
Logs/AssetImportWorker1.log
-srvPort
58531
Successfully changed project path to: C:/Users/Andrei/Documents/GitHub/CAPSTONE-DEMO/Demo
C:/Users/Andrei/Documents/GitHub/CAPSTONE-DEMO/Demo
[UnityMemory] Configuration Parameters - Can be set up in boot.config
    "memorysetup-bucket-allocator-granularity=16"
    "memorysetup-bucket-allocator-bucket-count=8"
    "memorysetup-bucket-allocator-block-size=33554432"
    "memorysetup-bucket-allocator-block-count=8"
    "memorysetup-main-allocator-block-size=16777216"
    "memorysetup-thread-allocator-block-size=16777216"
    "memorysetup-gfx-main-allocator-block-size=16777216"
    "memorysetup-gfx-thread-allocator-block-size=16777216"
    "memorysetup-cache-allocator-block-size=4194304"
    "memorysetup-typetree-allocator-block-size=2097152"
    "memorysetup-profiler-bucket-allocator-granularity=16"
    "memorysetup-profiler-bucket-allocator-bucket-count=8"
    "memorysetup-profiler-bucket-allocator-block-size=33554432"
    "memorysetup-profiler-bucket-allocator-block-count=8"
    "memorysetup-profiler-allocator-block-size=16777216"
    "memorysetup-profiler-editor-allocator-block-size=1048576"
    "memorysetup-temp-allocator-size-main=16777216"
    "memorysetup-job-temp-allocator-block-size=2097152"
    "memorysetup-job-temp-allocator-block-size-background=1048576"
    "memorysetup-job-temp-allocator-reduction-small-platforms=262144"
    "memorysetup-temp-allocator-size-background-worker=32768"
    "memorysetup-temp-allocator-size-job-worker=262144"
    "memorysetup-temp-allocator-size-preload-manager=33554432"
    "memorysetup-temp-allocator-size-nav-mesh-worker=65536"
    "memorysetup-temp-allocator-size-audio-worker=65536"
    "memorysetup-temp-allocator-size-cloud-worker=32768"
    "memorysetup-temp-allocator-size-gi-baking-worker=262144"
    "memorysetup-temp-allocator-size-gfx=262144"
Refreshing native plugins compatible for Editor in 108.02 ms, found 3 plugins.
Preloading 0 native plugins for Editor in 0.00 ms.
Initialize engine version: 2022.1.23f1 (9636b062134a)
[Subsystems] Discovering subsystems at path C:/Program Files/Unity/Hub/Editor/2022.1.23f1/Editor/Data/Resources/UnitySubsystems
[Subsystems] Discovering subsystems at path C:/Users/Andrei/Documents/GitHub/CAPSTONE-DEMO/Demo/Assets
GfxDevice: creating device client; threaded=0; jobified=0
Direct3D:
    Version:  Direct3D 11.0 [level 11.1]
    Renderer: NVIDIA GeForce RTX 4050 Laptop GPU (ID=0x28a1)
    Vendor:   NVIDIA
    VRAM:     5921 MB
    Driver:   32.0.15.6603
Initialize mono
Mono path[0] = 'C:/Program Files/Unity/Hub/Editor/2022.1.23f1/Editor/Data/Managed'
Mono path[1] = 'C:/Program Files/Unity/Hub/Editor/2022.1.23f1/Editor/Data/MonoBleedingEdge/lib/mono/unityjit-win32'
Mono config path = 'C:/Program Files/Unity/Hub/Editor/2022.1.23f1/Editor/Data/MonoBleedingEdge/etc'
Using monoOptions --debugger-agent=transport=dt_socket,embedding=1,server=y,suspend=n,address=127.0.0.1:56968
Begin MonoManager ReloadAssembly
Registering precompiled unity dll's ...
Register platform support module: C:/Program Files/Unity/Hub/Editor/2022.1.23f1/Editor/Data/PlaybackEngines/WindowsStandaloneSupport/UnityEditor.WindowsStandalone.Extensions.dll
Registered in 0.008755 seconds.
Native extension for WindowsStandalone target not found
Refreshing native plugins compatible for Editor in 105.93 ms, found 3 plugins.
Preloading 0 native plugins for Editor in 0.00 ms.
Mono: successfully reloaded assembly
- Completed reload, in  1.004 seconds
Domain Reload Profiling:
	ReloadAssembly (1005ms)
		BeginReloadAssembly (144ms)
			ExecutionOrderSort (0ms)
			DisableScriptedObjects (0ms)
			BackupInstance (0ms)
			ReleaseScriptingObjects (0ms)
			CreateAndSetChildDomain (1ms)
		EndReloadAssembly (683ms)
			LoadAssemblies (141ms)
			RebuildTransferFunctionScriptingTraits (0ms)
			SetupTypeCache (172ms)
				TypeCache.Initialize (171ms)
					TypeCache.ScanAssembly (170ms)
				ResolveRequiredComponents (1ms)
			ReleaseScriptCaches (0ms)
			RebuildScriptCaches (40ms)
			SetupLoadedEditorAssemblies (386ms)
				LogAssemblyErrors (0ms)
				InitializePlatformSupportModulesInManaged (14ms)
				SetLoadedEditorAssemblies (11ms)
				RefreshPlugins (106ms)
				BeforeProcessingInitializeOnLoad (2ms)
				ProcessInitializeOnLoadAttributes (188ms)
				ProcessInitializeOnLoadMethodAttributes (66ms)
				AfterProcessingInitializeOnLoad (0ms)
				EditorAssembliesLoaded (0ms)
			ExecutionOrderSort2 (0ms)
			AwakeInstancesAfterBackupRestoration (0ms)
Platform modules already initialized, skipping
Registering precompiled user dll's ...
Registered in 0.010598 seconds.
Begin MonoManager ReloadAssembly
Symbol file LoadedFromMemory doesn't match image C:\Users\Andrei\Documents\GitHub\CAPSTONE-DEMO\Demo\Library\PackageCache\com.unity.visualscripting@1.7.8\Editor\VisualScripting.Core\Dependencies\YamlDotNet\Unity.VisualScripting.YamlDotNet.dll
Symbol file LoadedFromMemory doesn't match image C:\Users\Andrei\Documents\GitHub\CAPSTONE-DEMO\Demo\Library\PackageCache\com.unity.visualscripting@1.7.8\Editor\VisualScripting.Core\Dependencies\DotNetZip\Unity.VisualScripting.IonicZip.dll
Native extension for WindowsStandalone target not found
Refreshing native plugins compatible for Editor in 0.82 ms, found 3 plugins.
Preloading 0 native plugins for Editor in 0.00 ms.
Mono: successfully reloaded assembly
- Completed reload, in  1.644 seconds
Domain Reload Profiling:
	ReloadAssembly (1646ms)
		BeginReloadAssembly (187ms)
			ExecutionOrderSort (0ms)
			DisableScriptedObjects (7ms)
			BackupInstance (0ms)
			ReleaseScriptingObjects (0ms)
			CreateAndSetChildDomain (30ms)
		EndReloadAssembly (1258ms)
			LoadAssemblies (139ms)
			RebuildTransferFunctionScriptingTraits (0ms)
			SetupTypeCache (387ms)
				TypeCache.Initialize (382ms)
					TypeCache.ScanAssembly (377ms)
				ResolveRequiredComponents (5ms)
			ReleaseScriptCaches (0ms)
			RebuildScriptCaches (77ms)
			SetupLoadedEditorAssemblies (580ms)
				LogAssemblyErrors (0ms)
				InitializePlatformSupportModulesInManaged (8ms)
				SetLoadedEditorAssemblies (11ms)
				RefreshPlugins (1ms)
				BeforeProcessingInitializeOnLoad (139ms)
				ProcessInitializeOnLoadAttributes (361ms)
				ProcessInitializeOnLoadMethodAttributes (47ms)
				AfterProcessingInitializeOnLoad (13ms)
				EditorAssembliesLoaded (1ms)
			ExecutionOrderSort2 (0ms)
			AwakeInstancesAfterBackupRestoration (13ms)
Platform modules already initialized, skipping
========================================================================
Worker process is ready to serve import requests
Launched and connected shader compiler UnityShaderCompiler.exe after 0.06 seconds
Refreshing native plugins compatible for Editor in 1.04 ms, found 3 plugins.
Preloading 0 native plugins for Editor in 0.00 ms.
Unloading 3370 Unused Serialized files (Serialized files now loaded: 0)
Unloading 26 unused Assets / (58.2 KB). Loaded Objects now: 3831.
Memory consumption went from 0.50 GB to 0.50 GB.
Total: 5.441400 ms (FindLiveObjects: 0.296500 ms CreateObjectMapping: 0.241400 ms MarkObjects: 4.751300 ms  DeleteObjects: 0.149800 ms)

AssetImportParameters requested are different than current active one (requested -> active):
  custom:video-decoder-ogg-theora: a1e56fd34408186e4bbccfd4996cb3dc -> 
  custom:container-muxer-webm: aa71ff27fc2769a1b78a27578f13a17b -> 
  custom:container-demuxer-webm: 4f35f7cbe854078d1ac9338744f61a02 -> 
  custom:video-encoder-webm-vp8: eb34c28f22e8b96e1ab97ce403110664 -> 
  custom:audio-encoder-webm-vorbis: bf7c407c2cedff20999df2af8eb42d56 -> 
  custom:framework-win-MediaFoundation: 216162199b28c13a410421893ffa2e32 -> 
  custom:container-demuxer-ogg: 62fdf1f143b41e24485cea50d1cbac27 -> 
  custom:video-decoder-webm-vp8: 9c59270c3fd7afecdb556c50c9e8de78 -> 
  custom:audio-decoder-ogg-vorbis: bf7c407c2cedff20999df2af8eb42d56 -> 
========================================================================
Received Import Request.
  Time since last request: 181272.034917 seconds.
  path: Assets/Environment/terrain/crate/crate_Height.png
  artifactKey: Guid(2b60dae34d380344fb6129a500dc98e0) Importer(815301076,1909f56bfc062723c751e8b465ee728b)
Start importing Assets/Environment/terrain/crate/crate_Height.png using Guid(2b60dae34d380344fb6129a500dc98e0) Importer(815301076,1909f56bfc062723c751e8b465ee728b)  -> (artifact id: '3790bb00bf92ba349ee0aee87daf73f3') in 0.238809 seconds 
========================================================================
Received Import Request.
  Time since last request: 0.000044 seconds.
  path: Assets/Environment/terrain/crate/Metal.001_Roughness.png
  artifactKey: Guid(cd4f64a36578656418afb1f9cf69c909) Importer(815301076,1909f56bfc062723c751e8b465ee728b)
Start importing Assets/Environment/terrain/crate/Metal.001_Roughness.png using Guid(cd4f64a36578656418afb1f9cf69c909) Importer(815301076,1909f56bfc062723c751e8b465ee728b)  -> (artifact id: '01c8f98ebc5adc0d10c5d680ced4e078') in 0.055387 seconds 
========================================================================
Received Import Request.
  Time since last request: 0.000065 seconds.
  path: Assets/Environment/terrain/crate/Metal.001_Normal_DirectX.png
  artifactKey: Guid(34b155fae1b117449bf98be936c742b3) Importer(815301076,1909f56bfc062723c751e8b465ee728b)
Start importing Assets/Environment/terrain/crate/Metal.001_Normal_DirectX.png using Guid(34b155fae1b117449bf98be936c742b3) Importer(815301076,1909f56bfc062723c751e8b465ee728b)  -> (artifact id: 'd2761d7a022e3fed4c3dc26f864e3106') in 0.040486 seconds 
========================================================================
Received Import Request.
  Time since last request: 0.000051 seconds.
  path: Assets/Environment/terrain/crate/crate_Metallic.png
  artifactKey: Guid(a4bf8bdf4d45e2449baa0b81c4cfc62e) Importer(815301076,1909f56bfc062723c751e8b465ee728b)
Start importing Assets/Environment/terrain/crate/crate_Metallic.png using Guid(a4bf8bdf4d45e2449baa0b81c4cfc62e) Importer(815301076,1909f56bfc062723c751e8b465ee728b)  -> (artifact id: 'e71f12c6d57cdf079a15703f22472202') in 0.038432 seconds 
========================================================================
Received Import Request.
  Time since last request: 0.000042 seconds.
  path: Assets/Environment/terrain/crate/Metal.001_Metallic.png
  artifactKey: Guid(43c117399cda1b747bd41af05becb607) Importer(815301076,1909f56bfc062723c751e8b465ee728b)
Start importing Assets/Environment/terrain/crate/Metal.001_Metallic.png using Guid(43c117399cda1b747bd41af05becb607) Importer(815301076,1909f56bfc062723c751e8b465ee728b)  -> (artifact id: 'aa1cbf40573ebc223eb1d7f977788ed6') in 0.032060 seconds 
========================================================================
Received Import Request.
  Time since last request: 0.000042 seconds.
  path: Assets/Environment/terrain/crate/Metal.001_Mixed_AO.png
  artifactKey: Guid(b0fd3b94821d0ff49a44225df7c71a45) Importer(815301076,1909f56bfc062723c751e8b465ee728b)
Start importing Assets/Environment/terrain/crate/Metal.001_Mixed_AO.png using Guid(b0fd3b94821d0ff49a44225df7c71a45) Importer(815301076,1909f56bfc062723c751e8b465ee728b)  -> (artifact id: '0003003a95233b84b644f722f0bc1454') in 0.029621 seconds 
========================================================================
Received Import Request.
  Time since last request: 0.000029 seconds.
  path: Assets/Environment/terrain/crate/Metal.001_Base_Color.png
  artifactKey: Guid(5fa857ebc59a63d4497194a3b7c7280b) Importer(815301076,1909f56bfc062723c751e8b465ee728b)
Start importing Assets/Environment/terrain/crate/Metal.001_Base_Color.png using Guid(5fa857ebc59a63d4497194a3b7c7280b) Importer(815301076,1909f56bfc062723c751e8b465ee728b)  -> (artifact id: 'f78daa8c72caed3c36a8e5139f9bfdc5') in 0.037429 seconds 
========================================================================
Received Import Request.
  Time since last request: 48.550970 seconds.
  path: Assets/Environment/terrain/barrel/barrel_Metallic.png
  artifactKey: Guid(3b63213d97cfc4146bcad2062a52a6e7) Importer(815301076,1909f56bfc062723c751e8b465ee728b)
Start importing Assets/Environment/terrain/barrel/barrel_Metallic.png using Guid(3b63213d97cfc4146bcad2062a52a6e7) Importer(815301076,1909f56bfc062723c751e8b465ee728b)  -> (artifact id: '0d07f97af204deedf24d61094abfe4c8') in 0.050924 seconds 
========================================================================
Received Import Request.
  Time since last request: 0.001872 seconds.
  path: Assets/Environment/terrain/barrel/barrel_Normal_DirectX.png
  artifactKey: Guid(95beb45458d6b864288f2efbf320337d) Importer(815301076,1909f56bfc062723c751e8b465ee728b)
Start importing Assets/Environment/terrain/barrel/barrel_Normal_DirectX.png using Guid(95beb45458d6b864288f2efbf320337d) Importer(815301076,1909f56bfc062723c751e8b465ee728b)  -> (artifact id: '2ccfdcc6c891b2c6d6cf02a8377b1a7b') in 0.059171 seconds 
========================================================================
Received Import Request.
  Time since last request: 0.000064 seconds.
  path: Assets/Environment/terrain/barrel/barrel_Mixed_AO.png
  artifactKey: Guid(3383e6378043c434dbd08d300d40ab6b) Importer(815301076,1909f56bfc062723c751e8b465ee728b)
Start importing Assets/Environment/terrain/barrel/barrel_Mixed_AO.png using Guid(3383e6378043c434dbd08d300d40ab6b) Importer(815301076,1909f56bfc062723c751e8b465ee728b)  -> (artifact id: '6953f66c29ea3e638820a6072b4bd420') in 0.051288 seconds 
========================================================================
Received Import Request.
  Time since last request: 0.000063 seconds.
  path: Assets/Environment/terrain/barrel/barrel_Roughness.png
  artifactKey: Guid(4eead4e9ea9f9e34cb446576887bf71b) Importer(815301076,1909f56bfc062723c751e8b465ee728b)
Start importing Assets/Environment/terrain/barrel/barrel_Roughness.png using Guid(4eead4e9ea9f9e34cb446576887bf71b) Importer(815301076,1909f56bfc062723c751e8b465ee728b)  -> (artifact id: '00025116a03da0ad2a83c8149597682e') in 0.046154 seconds 
========================================================================
Received Import Request.
  Time since last request: 0.000044 seconds.
  path: Assets/Environment/terrain/barrel/barrel_Normal.png
  artifactKey: Guid(95b5087acef98ae4ebb6ba4a1d9e8cc9) Importer(815301076,1909f56bfc062723c751e8b465ee728b)
Start importing Assets/Environment/terrain/barrel/barrel_Normal.png using Guid(95b5087acef98ae4ebb6ba4a1d9e8cc9) Importer(815301076,1909f56bfc062723c751e8b465ee728b)  -> (artifact id: 'ccc1cd06d3d63cc9f9713c49d1b35b34') in 0.036416 seconds 
